<?xml version="1.0" encoding="utf-8"?><testsuites name="pytest tests"><testsuite name="pytest" errors="0" failures="0" skipped="0" tests="7" time="1.657" timestamp="2026-08-19T11:59:32.071123+00:00" hostname="agent-env-cedc8e81-393a-41de-9728-58d47b6f40fb"><testcase classname="backend.tests.test_admin_access.TestAdminAuth" name="test_admin_login_returns_admin_role" time="0.496" /><testcase classname="backend.tests.test_admin_access.TestAdminAuth" name="test_admin_qa_summary_ok" time="0.083" /><testcase classname="backend.tests.test_admin_access.TestAdminAuth" name="test_admin_qa_questions_ok" time="0.108" /><testcase classname="backend.tests.test_admin_access.TestNonAdmin" name="test_non_admin_cannot_access_admin_qa" time="0.671" /><testcase classname="backend.tests.test_admin_access.TestNonAdmin" name="test_non_admin_me_role" time="0.063" /><testcase classname="backend.tests.test_admin_access.TestQuizRegression" name="test_categories_list" time="0.068" /><testcase classname="backend.tests.test_admin_access.TestQuizRegression" name="test_chansons_questions" time="0.077" /></testsuite></testsuites>