<?xml version="1.0" encoding="utf-8"?><testsuites name="pytest tests"><testsuite name="pytest" errors="0" failures="0" skipped="0" tests="13" time="5.738" timestamp="2026-08-08T12:31:28.820015+00:00" hostname="agent-env-cedc8e81-393a-41de-9728-58d47b6f40fb"><testcase classname="backend.tests.test_charades" name="test_list_requires_auth" time="0.110" /><testcase classname="backend.tests.test_charades" name="test_list_shape_no_answer_leak" time="0.421" /><testcase classname="backend.tests.test_charades" name="test_fresh_user_correct_attempt_awards_5_xp" time="0.544" /><testcase classname="backend.tests.test_charades" name="test_wrong_answer_no_points" time="0.389" /><testcase classname="backend.tests.test_charades" name="test_normalized_variants_accepted[CHATEAU]" time="0.381" /><testcase classname="backend.tests.test_charades" name="test_normalized_variants_accepted[ch\xe2teau]" time="0.381" /><testcase classname="backend.tests.test_charades" name="test_normalized_variants_accepted[CH\xc2TEAU]" time="0.366" /><testcase classname="backend.tests.test_charades" name="test_normalized_variants_accepted[  chateau  ]" time="0.378" /><testcase classname="backend.tests.test_charades" name="test_normalized_variants_accepted[Chat-eau!]" time="0.361" /><testcase classname="backend.tests.test_charades" name="test_idempotent_no_double_scoring" time="0.550" /><testcase classname="backend.tests.test_charades" name="test_unknown_charade_id_404" time="0.358" /><testcase classname="backend.tests.test_charades" name="test_badge_amateur_mots_awarded_once_at_10" time="0.868" /><testcase classname="backend.tests.test_charades" name="test_progress_endpoint" time="0.547" /></testsuite></testsuites>