<?xml version="1.0" encoding="utf-8"?><testsuites name="pytest tests"><testsuite name="pytest" errors="0" failures="0" skipped="0" tests="12" time="6.415" timestamp="2026-08-17T15:48:20.552386+00:00" hostname="agent-env-cedc8e81-393a-41de-9728-58d47b6f40fb"><testcase classname="backend.tests.test_iteration40_livre_ai_boucle" name="test_chapters_returns_12_in_order" time="0.698" /><testcase classname="backend.tests.test_iteration40_livre_ai_boucle" name="test_no_legacy_chapter_ids" time="0.129" /><testcase classname="backend.tests.test_iteration40_livre_ai_boucle" name="test_progression_endpoint" time="0.152" /><testcase classname="backend.tests.test_iteration40_livre_ai_boucle" name="test_rewrite_too_short" time="0.440" /><testcase classname="backend.tests.test_iteration40_livre_ai_boucle" name="test_rewrite_ai_no_hallucination" time="3.398" /><testcase classname="backend.tests.test_iteration40_livre_ai_boucle" name="test_accept_rewrite_persists_and_archives_original" time="0.471" /><testcase classname="backend.tests.test_iteration40_livre_ai_boucle" name="test_from_quiz_creates_entry_in_correct_chapter[chansons-passions]" time="0.147" /><testcase classname="backend.tests.test_iteration40_livre_ai_boucle" name="test_from_quiz_creates_entry_in_correct_chapter[cinema-passions]" time="0.164" /><testcase classname="backend.tests.test_iteration40_livre_ai_boucle" name="test_from_quiz_creates_entry_in_correct_chapter[voyages-france-voyages]" time="0.183" /><testcase classname="backend.tests.test_iteration40_livre_ai_boucle" name="test_from_quiz_creates_entry_in_correct_chapter[histoire-france-evenements]" time="0.148" /><testcase classname="backend.tests.test_iteration40_livre_ai_boucle" name="test_from_quiz_creates_entry_in_correct_chapter[annees-50-60-adolescence]" time="0.170" /><testcase classname="backend.tests.test_iteration40_livre_ai_boucle" name="test_from_quiz_creates_entry_in_correct_chapter[objets-antan-enfance]" time="0.186" /></testsuite></testsuites>