<?xml version="1.0" encoding="utf-8"?><testsuites name="pytest tests"><testsuite name="pytest" errors="0" failures="0" skipped="0" tests="9" time="2.782" timestamp="2026-08-08T12:54:16.352671+00:00" hostname="agent-env-cedc8e81-393a-41de-9728-58d47b6f40fb"><testcase classname="backend.tests.test_mots_meles_charades" name="test_packs_endpoint" time="0.759" /><testcase classname="backend.tests.test_mots_meles_charades" name="test_list_filter_by_pack" time="0.130" /><testcase classname="backend.tests.test_mots_meles_charades" name="test_attempt_correct_each_pack[ch01-chateau]" time="0.046" /><testcase classname="backend.tests.test_mots_meles_charades" name="test_attempt_correct_each_pack[n01-renard]" time="0.043" /><testcase classname="backend.tests.test_mots_meles_charades" name="test_attempt_correct_each_pack[c01-poireau]" time="0.045" /><testcase classname="backend.tests.test_mots_meles_charades" name="test_grids_list" time="0.044" /><testcase classname="backend.tests.test_mots_meles_charades" name="test_grid_detail_no_position_leak" time="0.124" /><testcase classname="backend.tests.test_mots_meles_charades" name="test_find_word_flow" time="0.671" /><testcase classname="backend.tests.test_mots_meles_charades" name="test_completion_bonus" time="0.837" /></testsuite></testsuites>