<?xml version="1.0" encoding="utf-8"?><testsuites name="pytest tests"><testsuite name="pytest" errors="0" failures="0" skipped="1" tests="10" time="1.982" timestamp="2026-08-19T12:33:15.168636+00:00" hostname="agent-env-cedc8e81-393a-41de-9728-58d47b6f40fb"><testcase classname="backend.tests.test_admin_qa_regen.TestQASearch" name="test_search_piaf_in_chansons" time="0.515" /><testcase classname="backend.tests.test_admin_qa_regen.TestQASearch" name="test_search_case_insensitive" time="0.152" /><testcase classname="backend.tests.test_admin_qa_regen.TestQASearch" name="test_search_empty_q" time="0.091" /><testcase classname="backend.tests.test_admin_qa_regen.TestRerunJob" name="test_non_admin_forbidden" time="0.402" /><testcase classname="backend.tests.test_admin_qa_regen.TestRerunJob" name="test_unknown_category_404" time="0.071" /><testcase classname="backend.tests.test_admin_qa_regen.TestRerunJob" name="test_rerun_creates_running_job_and_conflict" time="0.068"><skipped type="pytest.skip" message="A job is already running from a previous test session">/app/backend/tests/test_admin_qa_regen.py:80: A job is already running from a previous test session</skipped></testcase><testcase classname="backend.tests.test_admin_qa_regen.TestQAJobs" name="test_jobs_list_sorted_desc" time="0.138" /><testcase classname="backend.tests.test_admin_qa_regen.TestQAJobs" name="test_jobs_non_admin_forbidden" time="0.072" /><testcase classname="backend.tests.test_admin_qa_regen.TestQARegression" name="test_summary" time="0.083" /><testcase classname="backend.tests.test_admin_qa_regen.TestQARegression" name="test_quality_filter_still_works" time="0.286" /></testsuite></testsuites>