<?xml version="1.0" encoding="utf-8"?><testsuites name="pytest tests"><testsuite name="pytest" errors="0" failures="0" skipped="0" tests="8" time="5.846" timestamp="2026-06-15T15:11:01.978694+00:00" hostname="agent-env-cedc8e81-393a-41de-9728-58d47b6f40fb"><testcase classname="backend.tests.test_iteration14.TestPromoFamilleDisabled" name="test_admin_promo_list_contains_famille_inactive" time="0.515" /><testcase classname="backend.tests.test_iteration14.TestPromoFamilleDisabled" name="test_admin_promo_decouverte_still_active" time="0.057" /><testcase classname="backend.tests.test_iteration14.TestPromoFamilleDisabled" name="test_redeem_famille_fails" time="0.394" /><testcase classname="backend.tests.test_iteration14.TestDailyQuizCache" name="test_daily_quiz_deterministic_and_cached" time="0.139" /><testcase classname="backend.tests.test_iteration14.TestDailyEmailTrigger" name="test_admin_trigger_returns_summary" time="3.308" /><testcase classname="backend.tests.test_iteration14.TestAuthRegression" name="test_register_login_me" time="0.691" /><testcase classname="backend.tests.test_iteration14.TestAuthRegression" name="test_forgot_password_does_not_500" time="0.149" /><testcase classname="backend.tests.test_iteration14.TestDailyRegression" name="test_submit_and_leaderboard" time="0.527" /></testsuite></testsuites>