<?xml version="1.0" encoding="utf-8"?><testsuites name="pytest tests"><testsuite name="pytest" errors="0" failures="0" skipped="1" tests="9" time="2.135" timestamp="2026-08-19T12:59:11.412246+00:00" hostname="agent-env-cedc8e81-393a-41de-9728-58d47b6f40fb"><testcase classname="backend.tests.test_admin_qa_bulk.TestBulkAuth" name="test_bulk_approve_requires_auth" time="0.198" /><testcase classname="backend.tests.test_admin_qa_bulk.TestBulkAuth" name="test_bulk_delete_requires_auth" time="0.107" /><testcase classname="backend.tests.test_admin_qa_bulk.TestBulkAuth" name="test_bulk_flag_requires_auth" time="0.168" /><testcase classname="backend.tests.test_admin_qa_bulk.TestBulkValidation" name="test_empty_ids_422" time="0.470" /><testcase classname="backend.tests.test_admin_qa_bulk.TestBulkValidation" name="test_too_many_ids_422" time="0.105" /><testcase classname="backend.tests.test_admin_qa_bulk.TestBulkRouting" name="test_bulk_approve_route_reachable" time="0.397" /><testcase classname="backend.tests.test_admin_qa_bulk.TestBulkRouting" name="test_bulk_flag_sets_flagged" time="0.525" /><testcase classname="backend.tests.test_admin_qa_bulk.TestBulkRouting" name="test_bulk_delete_removes_docs" time="0.000"><skipped type="pytest.skip" message="Skipping destructive bulk delete on live DB — routing verified via approve/flag; delete route reachability confirmed via 422 validation test.">/app/backend/tests/test_admin_qa_bulk.py:126: Skipping destructive bulk delete on live DB — routing verified via approve/flag; delete route reachability confirmed via 422 validation test.</skipped></testcase><testcase classname="backend.tests.test_admin_qa_bulk.TestBulkDeleteRouting" name="test_bulk_delete_route_returns_deleted_field" time="0.082" /></testsuite></testsuites>