<?xml version="1.0" encoding="utf-8"?><testsuites name="pytest tests"><testsuite name="pytest" errors="0" failures="0" skipped="0" tests="16" time="6.174" timestamp="2026-06-08T16:21:13.322532+00:00" hostname="agent-env-cedc8e81-393a-41de-9728-58d47b6f40fb"><testcase classname="backend.tests.test_promo.TestAdminPromoAuth" name="test_non_admin_create_forbidden" time="1.018" /><testcase classname="backend.tests.test_promo.TestAdminPromoAuth" name="test_non_admin_list_forbidden" time="0.498" /><testcase classname="backend.tests.test_promo.TestAdminPromoAuth" name="test_unauthenticated_create_unauth" time="0.135" /><testcase classname="backend.tests.test_promo.TestAdminPromoCRUD" name="test_admin_can_create_with_explicit_code" time="0.067" /><testcase classname="backend.tests.test_promo.TestAdminPromoCRUD" name="test_admin_can_create_lifetime_random_code" time="0.070" /><testcase classname="backend.tests.test_promo.TestAdminPromoCRUD" name="test_admin_duplicate_code_rejected" time="0.132" /><testcase classname="backend.tests.test_promo.TestAdminPromoCRUD" name="test_admin_list_sorted_desc" time="0.060" /><testcase classname="backend.tests.test_promo.TestAdminPromoCRUD" name="test_admin_toggle_active" time="0.205" /><testcase classname="backend.tests.test_promo.TestAdminPromoCRUD" name="test_admin_delete" time="0.183" /><testcase classname="backend.tests.test_promo.TestPromoRedeem" name="test_redeem_unauth" time="0.117" /><testcase classname="backend.tests.test_promo.TestPromoRedeem" name="test_redeem_invalid_code_404" time="0.385" /><testcase classname="backend.tests.test_promo.TestPromoRedeem" name="test_redeem_lifetime_makes_user_premium" time="0.469" /><testcase classname="backend.tests.test_promo.TestPromoRedeem" name="test_redeem_same_code_twice_400" time="0.457" /><testcase classname="backend.tests.test_promo.TestPromoRedeem" name="test_redeem_deactivated_code_404" time="0.545" /><testcase classname="backend.tests.test_promo.TestPromoRedeem" name="test_redeem_max_uses_reached_410" time="0.938" /><testcase classname="backend.tests.test_promo.TestPromoRedeem" name="test_redeem_normalizes_case_and_whitespace" time="0.820" /></testsuite></testsuites>