<?xml version="1.0" encoding="utf-8"?><testsuites name="pytest tests"><testsuite name="pytest" errors="0" failures="0" skipped="0" tests="11" time="5.181" timestamp="2026-06-10T12:48:04.846585+00:00" hostname="agent-env-cedc8e81-393a-41de-9728-58d47b6f40fb"><testcase classname="tests.test_iteration13_streaks.TestAuthMeFields" name="test_me_has_streak_and_optin_fields" time="0.562" /><testcase classname="tests.test_iteration13_streaks.TestDailySubmitStreak" name="test_first_submit_sets_streak_to_1" time="0.515" /><testcase classname="tests.test_iteration13_streaks.TestDailySubmitStreak" name="test_streak_continues_when_last_played_yesterday" time="0.443" /><testcase classname="tests.test_iteration13_streaks.TestDailySubmitStreak" name="test_streak_resets_when_gap_2_days" time="0.453" /><testcase classname="tests.test_iteration13_streaks.TestDailySubmitStreak" name="test_duplicate_submit_returns_409" time="0.518" /><testcase classname="tests.test_iteration13_streaks.TestDailyEmailPreference" name="test_unauthenticated_returns_401" time="0.105" /><testcase classname="tests.test_iteration13_streaks.TestDailyEmailPreference" name="test_toggle_off_then_on" time="0.534" /><testcase classname="tests.test_iteration13_streaks.TestAdminDailyEmailTrigger" name="test_user_gets_403" time="0.440" /><testcase classname="tests.test_iteration13_streaks.TestAdminDailyEmailTrigger" name="test_admin_returns_summary" time="1.356" /><testcase classname="tests.test_iteration13_streaks.TestRegressionCategories" name="test_eight_categories_returned" time="0.101" /><testcase classname="tests.test_iteration13_streaks.TestRegressionCategories" name="test_each_category_has_100_questions" time="0.005" /></testsuite></testsuites>