<?xml version="1.0" encoding="utf-8"?><testsuites name="pytest tests"><testsuite name="pytest" errors="0" failures="0" skipped="0" tests="19" time="10.105" timestamp="2026-06-10T09:32:55.474640+00:00" hostname="agent-env-cedc8e81-393a-41de-9728-58d47b6f40fb"><testcase classname="tests.test_iteration10" name="test_api_root" time="0.142" /><testcase classname="tests.test_iteration10" name="test_auth_me" time="0.387" /><testcase classname="tests.test_iteration10" name="test_auth_login_wrong_pwd" time="0.281" /><testcase classname="tests.test_iteration10" name="test_auth_logout" time="0.697" /><testcase classname="tests.test_iteration10" name="test_auth_profile_patch" time="0.093" /><testcase classname="tests.test_iteration10" name="test_auth_change_password" time="0.851" /><testcase classname="tests.test_iteration10" name="test_quiz_categories" time="0.045" /><testcase classname="tests.test_iteration10" name="test_quiz_questions_free_user" time="0.096" /><testcase classname="tests.test_iteration10" name="test_quiz_questions_premium" time="0.104" /><testcase classname="tests.test_iteration10" name="test_quiz_attempts_and_stats" time="0.169" /><testcase classname="tests.test_iteration10" name="test_payments_packages" time="0.043" /><testcase classname="tests.test_iteration10" name="test_challenges_admin_create_and_mine" time="0.352" /><testcase classname="tests.test_iteration10" name="test_promo_admin_list_contains_seeded" time="0.050" /><testcase classname="tests.test_iteration10" name="test_promo_admin_crud" time="0.096" /><testcase classname="tests.test_iteration10" name="test_promo_redeem" time="0.087" /><testcase classname="tests.test_iteration10" name="test_static_mascots" time="1.972" /><testcase classname="tests.test_iteration10.TestRateLimit" name="test_forgot_pw_first_3_ok_then_429" time="3.207" /><testcase classname="tests.test_iteration10.TestRateLimit" name="test_rate_limit_isolation_login_unaffected" time="0.639" /><testcase classname="tests.test_iteration10" name="test_zz_delete_account" time="0.692" /></testsuite></testsuites>