<?xml version="1.0" encoding="utf-8"?><testsuites name="pytest tests"><testsuite name="pytest" errors="0" failures="0" skipped="0" tests="2" time="1.224" timestamp="2026-06-25T16:32:57.543498+00:00" hostname="agent-env-cedc8e81-393a-41de-9728-58d47b6f40fb"><testcase classname="tests.test_iteration19_p2.TestAdReward" name="test_earn_ad_first_call_grants_credit" time="0.508" /><testcase classname="tests.test_iteration19_p2.TestAdReward" name="test_earn_ad_daily_cap_429" time="0.635" /></testsuite></testsuites>