<?xml version="1.0" encoding="utf-8"?><testsuites name="pytest tests"><testsuite name="pytest" errors="0" failures="0" skipped="0" tests="5" time="1.261" timestamp="2026-08-07T08:23:44.988186+00:00" hostname="agent-env-cedc8e81-393a-41de-9728-58d47b6f40fb"><testcase classname="backend.tests.test_memory_score" name="test_unauthenticated_returns_401_or_403" time="0.108" /><testcase classname="backend.tests.test_memory_score" name="test_admin_memory_score_shape" time="0.382" /><testcase classname="backend.tests.test_memory_score" name="test_fresh_user_cold_start" time="0.402" /><testcase classname="backend.tests.test_memory_score" name="test_fresh_user_after_one_attempt" time="0.243" /><testcase classname="backend.tests.test_memory_score" name="test_progression_me_still_works" time="0.048" /></testsuite></testsuites>