<?xml version="1.0" encoding="utf-8"?><testsuites name="pytest tests"><testsuite name="pytest" errors="0" failures="0" skipped="0" tests="15" time="6.345" timestamp="2026-07-01T08:23:12.303332+00:00" hostname="agent-env-cedc8e81-393a-41de-9728-58d47b6f40fb"><testcase classname="tests.test_iteration22_secure_progression.TestSecureAttempts" name="test_attempts_ignores_client_score_field" time="0.640" /><testcase classname="tests.test_iteration22_secure_progression.TestSecureAttempts" name="test_attempts_answer_index_out_of_range_422" time="0.462" /><testcase classname="tests.test_iteration22_secure_progression.TestSecureAttempts" name="test_attempts_question_not_in_category_400" time="0.485" /><testcase classname="tests.test_iteration22_secure_progression.TestSecureAttempts" name="test_attempts_correct_score_recomputed" time="0.454" /><testcase classname="tests.test_iteration22_secure_progression.TestSecureDaily" name="test_daily_bad_question_id_400" time="0.358" /><testcase classname="tests.test_iteration22_secure_progression.TestSecureDaily" name="test_daily_answer_index_out_of_range_422" time="0.414" /><testcase classname="tests.test_iteration22_secure_progression.TestBadges" name="test_catalog_requires_auth" time="0.125" /><testcase classname="tests.test_iteration22_secure_progression.TestBadges" name="test_catalog_15_badges" time="0.365" /><testcase classname="tests.test_iteration22_secure_progression.TestBadges" name="test_mine_initially_empty" time="0.429" /><testcase classname="tests.test_iteration22_secure_progression.TestBadges" name="test_first_quiz_award_and_idempotent" time="0.556" /><testcase classname="tests.test_iteration22_secure_progression.TestProgression" name="test_level_curve_formula" time="0.430" /><testcase classname="tests.test_iteration22_secure_progression.TestProgression" name="test_progression_me_shape" time="0.452" /><testcase classname="tests.test_iteration22_secure_progression.TestProgression" name="test_progression_updates_after_attempt" time="0.506" /><testcase classname="tests.test_iteration22_secure_progression.TestProgression" name="test_auth_me_exposes_level_fields" time="0.362" /><testcase classname="tests.test_iteration22_secure_progression" name="test_xp_for_level_formula" time="0.235" /></testsuite></testsuites>