<?xml version="1.0" encoding="utf-8"?><testsuites name="pytest tests"><testsuite name="pytest" errors="0" failures="0" skipped="0" tests="5" time="0.742" timestamp="2026-08-08T13:26:12.193557+00:00" hostname="agent-env-cedc8e81-393a-41de-9728-58d47b6f40fb"><testcase classname="backend.tests.test_iteration37_fleches_mf06" name="test_grids_list_contains_mf06" time="0.506" /><testcase classname="backend.tests.test_iteration37_fleches_mf06" name="test_get_mf06_structure_and_anticheat" time="0.042" /><testcase classname="backend.tests.test_iteration37_fleches_mf06" name="test_submit_mf06_correct_then_idempotent" time="0.093" /><testcase classname="backend.tests.test_iteration37_fleches_mf06" name="test_mf06_columns_spell_real_words" time="0.001" /><testcase classname="backend.tests.test_iteration37_fleches_mf06" name="test_submit_mf06_bad_dimensions" time="0.041" /></testsuite></testsuites>