<?xml version="1.0" encoding="utf-8"?><testsuites name="pytest tests"><testsuite name="pytest" errors="0" failures="0" skipped="0" tests="25" time="5.960" timestamp="2026-06-08T15:27:08.545210+00:00" hostname="agent-env-cedc8e81-393a-41de-9728-58d47b6f40fb"><testcase classname="backend.tests.backend_test.TestHealth" name="test_root" time="0.132" /><testcase classname="backend.tests.backend_test.TestHealth" name="test_categories_list" time="0.138" /><testcase classname="backend.tests.backend_test.TestHealth" name="test_packages_list" time="0.162" /><testcase classname="backend.tests.backend_test.TestStaticMascots" name="test_mascot_image[annees-50-60]" time="0.189" /><testcase classname="backend.tests.backend_test.TestStaticMascots" name="test_mascot_image[chansons]" time="0.160" /><testcase classname="backend.tests.backend_test.TestStaticMascots" name="test_mascot_image[cinema]" time="0.169" /><testcase classname="backend.tests.backend_test.TestStaticMascots" name="test_mascot_image[objets-antan]" time="0.165" /><testcase classname="backend.tests.backend_test.TestStaticMascots" name="test_mascot_image[histoire-france]" time="0.166" /><testcase classname="backend.tests.backend_test.TestStaticMascots" name="test_mascot_image[cuisine-terroir]" time="0.157" /><testcase classname="backend.tests.backend_test.TestAuth" name="test_admin_login_sets_cookies" time="0.334" /><testcase classname="backend.tests.backend_test.TestAuth" name="test_login_wrong_password" time="0.358" /><testcase classname="backend.tests.backend_test.TestAuth" name="test_me_requires_auth" time="0.107" /><testcase classname="backend.tests.backend_test.TestAuth" name="test_register_and_me" time="0.420" /><testcase classname="backend.tests.backend_test.TestAuth" name="test_register_duplicate" time="0.371" /><testcase classname="backend.tests.backend_test.TestAuth" name="test_logout_clears_cookies" time="0.528" /><testcase classname="backend.tests.backend_test.TestQuizQuestions" name="test_questions_require_auth" time="0.104" /><testcase classname="backend.tests.backend_test.TestQuizQuestions" name="test_free_user_gets_5_max" time="0.378" /><testcase classname="backend.tests.backend_test.TestQuizQuestions" name="test_premium_user_gets_up_to_20" time="0.378" /><testcase classname="backend.tests.backend_test.TestQuizQuestions" name="test_invalid_category" time="0.049" /><testcase classname="backend.tests.backend_test.TestAttempts" name="test_attempt_and_stats" time="0.146" /><testcase classname="backend.tests.backend_test.TestAttempts" name="test_attempts_require_auth" time="0.102" /><testcase classname="backend.tests.backend_test.TestCheckout" name="test_checkout_requires_auth" time="0.119" /><testcase classname="backend.tests.backend_test.TestCheckout" name="test_invalid_package" time="0.057" /><testcase classname="backend.tests.backend_test.TestCheckout" name="test_checkout_creates_stripe_session" time="0.571" /><testcase classname="backend.tests.backend_test.TestCheckout" name="test_checkout_yearly" time="0.400" /></testsuite></testsuites>