<?xml version="1.0" encoding="utf-8"?><testsuites name="pytest tests"><testsuite name="pytest" errors="0" failures="0" skipped="0" tests="10" time="2.441" timestamp="2026-06-26T19:45:37.167459+00:00" hostname="agent-env-cedc8e81-393a-41de-9728-58d47b6f40fb"><testcase classname="tests.test_iteration21_leagues.TestLeaguesCurrent" name="test_requires_auth" time="0.197" /><testcase classname="tests.test_iteration21_leagues.TestLeaguesCurrent" name="test_admin_can_fetch" time="0.376" /><testcase classname="tests.test_iteration21_leagues.TestLeaguesCurrent" name="test_lazy_enrollment_new_user" time="0.379" /><testcase classname="tests.test_iteration21_leagues.TestAttemptsFeedXP" name="test_attempt_adds_xp_to_league" time="0.150" /><testcase classname="tests.test_iteration21_leagues.TestCoopFeedXP" name="test_coop_answer_grants_league_xp" time="0.376" /><testcase classname="tests.test_iteration21_leagues.TestStreakSaver" name="test_no_streak_returns_400" time="0.046" /><testcase classname="tests.test_iteration21_leagues.TestStreakSaver" name="test_requires_auth" time="0.109" /><testcase classname="tests.test_iteration21_leagues.TestStreakSaver" name="test_eligible_save_succeeds" time="0.474" /><testcase classname="tests.test_iteration21_leagues.TestLeagueReminder" name="test_send_league_reminders_callable" time="0.246" /><testcase classname="tests.test_iteration21_leagues.TestLeagueReminder" name="test_scheduler_has_5_jobs" time="0.002" /></testsuite></testsuites>