<?xml version="1.0" encoding="utf-8"?><testsuites name="pytest tests"><testsuite name="pytest" errors="0" failures="0" skipped="0" tests="6" time="2.585" timestamp="2026-08-09T17:51:43.385180+00:00" hostname="agent-env-cedc8e81-393a-41de-9728-58d47b6f40fb"><testcase classname="backend.tests.test_email_update" name="test_login_and_me" time="0.489" /><testcase classname="backend.tests.test_email_update" name="test_update_name_only_no_email_leak" time="0.092" /><testcase classname="backend.tests.test_email_update" name="test_invalid_email_returns_422" time="0.043" /><testcase classname="backend.tests.test_email_update" name="test_uniqueness_409" time="0.406" /><testcase classname="backend.tests.test_email_update" name="test_case_insensitive_same_account_allowed" time="0.086" /><testcase classname="backend.tests.test_email_update" name="test_full_email_update_and_revert" time="1.408" /></testsuite></testsuites>