<?xml version="1.0" encoding="utf-8"?><testsuites name="pytest tests"><testsuite name="pytest" errors="0" failures="0" skipped="0" tests="11" time="0.642" timestamp="2026-06-10T08:59:48.081515+00:00" hostname="agent-env-cedc8e81-393a-41de-9728-58d47b6f40fb"><testcase classname="backend.tests.test_iteration7" name="test_premium_returns_30_questions[annees-50-60]" time="0.234" /><testcase classname="backend.tests.test_iteration7" name="test_premium_returns_30_questions[chansons]" time="0.005" /><testcase classname="backend.tests.test_iteration7" name="test_premium_returns_30_questions[cinema]" time="0.004" /><testcase classname="backend.tests.test_iteration7" name="test_premium_returns_30_questions[objets-antan]" time="0.005" /><testcase classname="backend.tests.test_iteration7" name="test_premium_returns_30_questions[histoire-france]" time="0.006" /><testcase classname="backend.tests.test_iteration7" name="test_premium_returns_30_questions[cuisine-terroir]" time="0.006" /><testcase classname="backend.tests.test_iteration7" name="test_premium_returns_30_questions[culture-40-ans]" time="0.005" /><testcase classname="backend.tests.test_iteration7" name="test_premium_returns_30_questions[culture-70-ans]" time="0.005" /><testcase classname="backend.tests.test_iteration7" name="test_free_user_still_5_questions" time="0.230" /><testcase classname="backend.tests.test_iteration7" name="test_o20_and_o28_content" time="0.004" /><testcase classname="backend.tests.test_iteration7" name="test_sample_randomness" time="0.011" /></testsuite></testsuites>