<?xml version="1.0" encoding="utf-8"?><testsuites name="pytest tests"><testsuite name="pytest" errors="0" failures="0" skipped="0" tests="12" time="7.597" timestamp="2026-06-08T16:59:23.444977+00:00" hostname="agent-env-cedc8e81-393a-41de-9728-58d47b6f40fb"><testcase classname="backend.tests.test_account.TestForgotPassword" name="test_unknown_email_returns_generic_success_no_token" time="0.246" /><testcase classname="backend.tests.test_account.TestForgotPassword" name="test_known_email_returns_mocked_token_and_link" time="0.490" /><testcase classname="backend.tests.test_account.TestResetPassword" name="test_invalid_token_returns_400" time="0.136" /><testcase classname="backend.tests.test_account.TestResetPassword" name="test_full_reset_flow_and_single_use" time="1.647" /><testcase classname="backend.tests.test_account.TestChangePassword" name="test_requires_auth" time="0.107" /><testcase classname="backend.tests.test_account.TestChangePassword" name="test_wrong_current_password_returns_400" time="0.658" /><testcase classname="backend.tests.test_account.TestChangePassword" name="test_change_password_success_and_login_with_new" time="1.519" /><testcase classname="backend.tests.test_account.TestUpdateProfile" name="test_requires_auth" time="0.741" /><testcase classname="backend.tests.test_account.TestUpdateProfile" name="test_update_name_and_me_reflects_it" time="0.517" /><testcase classname="backend.tests.test_account.TestDeleteAccount" name="test_requires_auth" time="0.115" /><testcase classname="backend.tests.test_account.TestDeleteAccount" name="test_delete_user_cascades_attempts" time="0.826" /><testcase classname="backend.tests.test_account.TestPasswordResetIndexes" name="test_indexes_present" time="0.526" /></testsuite></testsuites>