<?xml version="1.0" encoding="utf-8"?><testsuites name="pytest tests"><testsuite name="pytest" errors="0" failures="0" skipped="0" tests="6" time="1.211" timestamp="2026-08-08T13:18:48.056286+00:00" hostname="agent-env-cedc8e81-393a-41de-9728-58d47b6f40fb"><testcase classname="backend.tests.test_iteration36_fleches_v2" name="test_grids_list_includes_static" time="0.463" /><testcase classname="backend.tests.test_iteration36_fleches_v2" name="test_get_grid_no_answer_leak" time="0.043" /><testcase classname="backend.tests.test_iteration36_fleches_v2" name="test_submit_static_mf01_correct" time="0.044" /><testcase classname="backend.tests.test_iteration36_fleches_v2" name="test_submit_bad_dimensions" time="0.045" /><testcase classname="backend.tests.test_iteration36_fleches_v2" name="test_admin_generate_forbidden_for_regular_user" time="0.044" /><testcase classname="backend.tests.test_iteration36_fleches_v2" name="test_admin_generate_and_reuse" time="0.494" /></testsuite></testsuites>