<?xml version="1.0" encoding="utf-8"?><testsuites name="pytest tests"><testsuite name="pytest" errors="0" failures="0" skipped="0" tests="5" time="3.038" timestamp="2026-06-10T09:22:13.057207+00:00" hostname="agent-env-cedc8e81-393a-41de-9728-58d47b6f40fb"><testcase classname="backend.tests.test_forgot_password.TestForgotPasswordSecurity" name="test_unknown_email_returns_generic_no_leak" time="0.135" /><testcase classname="backend.tests.test_forgot_password.TestForgotPasswordSecurity" name="test_admin_email_returns_generic_with_email_sent_false" time="0.233" /><testcase classname="backend.tests.test_forgot_password.TestForgotPasswordSecurity" name="test_invalid_email_format_rejected" time="0.049" /><testcase classname="backend.tests.test_forgot_password.TestResetPasswordE2E" name="test_full_reset_flow" time="2.501" /><testcase classname="backend.tests.test_forgot_password.TestResetPasswordE2E" name="test_invalid_token_rejected" time="0.051" /></testsuite></testsuites>