<?xml version="1.0" encoding="utf-8"?><testsuites name="pytest tests"><testsuite name="pytest" errors="0" failures="0" skipped="0" tests="50" time="9.310" timestamp="2026-06-08T16:34:45.819224+00:00" hostname="agent-env-cedc8e81-393a-41de-9728-58d47b6f40fb"><testcase classname="backend.tests.backend_test.TestHealth" name="test_root" time="0.244" /><testcase classname="backend.tests.backend_test.TestHealth" name="test_categories_list" time="0.156" /><testcase classname="backend.tests.backend_test.TestHealth" name="test_packages_list" time="0.119" /><testcase classname="backend.tests.backend_test.TestStaticMascots" name="test_mascot_image[annees-50-60]" time="0.202" /><testcase classname="backend.tests.backend_test.TestStaticMascots" name="test_mascot_image[chansons]" time="0.165" /><testcase classname="backend.tests.backend_test.TestStaticMascots" name="test_mascot_image[cinema]" time="0.145" /><testcase classname="backend.tests.backend_test.TestStaticMascots" name="test_mascot_image[objets-antan]" time="0.163" /><testcase classname="backend.tests.backend_test.TestStaticMascots" name="test_mascot_image[histoire-france]" time="0.193" /><testcase classname="backend.tests.backend_test.TestStaticMascots" name="test_mascot_image[cuisine-terroir]" time="0.183" /><testcase classname="backend.tests.backend_test.TestStaticMascots" name="test_mascot_image[culture-40-ans]" time="0.196" /><testcase classname="backend.tests.backend_test.TestStaticMascots" name="test_mascot_image[culture-70-ans]" time="0.165" /><testcase classname="backend.tests.backend_test.TestStaticMascots" name="test_new_mascot_image_is_png_and_large[culture-40-ans]" time="0.224" /><testcase classname="backend.tests.backend_test.TestStaticMascots" name="test_new_mascot_image_is_png_and_large[culture-70-ans]" time="0.165" /><testcase classname="backend.tests.backend_test.TestAuth" name="test_admin_login_sets_cookies" time="0.345" /><testcase classname="backend.tests.backend_test.TestAuth" name="test_login_wrong_password" time="0.343" /><testcase classname="backend.tests.backend_test.TestAuth" name="test_me_requires_auth" time="0.104" /><testcase classname="backend.tests.backend_test.TestAuth" name="test_register_and_me" time="0.387" /><testcase classname="backend.tests.backend_test.TestAuth" name="test_register_duplicate" time="0.389" /><testcase classname="backend.tests.backend_test.TestAuth" name="test_logout_clears_cookies" time="0.508" /><testcase classname="backend.tests.backend_test.TestQuizQuestions" name="test_questions_require_auth" time="0.113" /><testcase classname="backend.tests.backend_test.TestQuizQuestions" name="test_free_user_gets_5_max" time="0.400" /><testcase classname="backend.tests.backend_test.TestQuizQuestions" name="test_free_user_annees_5060_returns_5" time="0.057" /><testcase classname="backend.tests.backend_test.TestQuizQuestions" name="test_free_user_culture_40_ans_returns_5" time="0.054" /><testcase classname="backend.tests.backend_test.TestQuizQuestions" name="test_free_user_culture_70_ans_returns_5" time="0.065" /><testcase classname="backend.tests.backend_test.TestQuizQuestions" name="test_premium_user_gets_up_to_20" time="0.431" /><testcase classname="backend.tests.backend_test.TestQuizQuestions" name="test_premium_culture_40_ans_returns_20" time="0.056" /><testcase classname="backend.tests.backend_test.TestQuizQuestions" name="test_premium_culture_70_ans_returns_20" time="0.053" /><testcase classname="backend.tests.backend_test.TestQuizQuestions" name="test_invalid_category" time="0.052" /><testcase classname="backend.tests.backend_test.TestAttempts" name="test_attempt_and_stats" time="0.153" /><testcase classname="backend.tests.backend_test.TestAttempts" name="test_attempts_require_auth" time="0.126" /><testcase classname="backend.tests.backend_test.TestAttempts" name="test_attempt_with_new_category_culture_40" time="0.101" /><testcase classname="backend.tests.backend_test.TestAttempts" name="test_attempt_with_new_category_culture_70" time="0.109" /><testcase classname="backend.tests.backend_test.TestCheckout" name="test_checkout_requires_auth" time="0.101" /><testcase classname="backend.tests.backend_test.TestCheckout" name="test_invalid_package" time="0.054" /><testcase classname="backend.tests.backend_test.TestCheckout" name="test_checkout_creates_stripe_session" time="0.649" /><testcase classname="backend.tests.backend_test.TestCheckout" name="test_checkout_yearly" time="0.441" /><testcase classname="backend.tests.backend_test.TestChallenges" name="test_create_requires_auth" time="0.133" /><testcase classname="backend.tests.backend_test.TestChallenges" name="test_create_free_user_gets_402" time="0.048" /><testcase classname="backend.tests.backend_test.TestChallenges" name="test_create_admin_premium" time="0.060" /><testcase classname="backend.tests.backend_test.TestChallenges" name="test_create_admin_culture_40_ans_10q" time="0.165" /><testcase classname="backend.tests.backend_test.TestChallenges" name="test_create_invalid_category" time="0.053" /><testcase classname="backend.tests.backend_test.TestChallenges" name="test_create_num_questions_validation" time="0.102" /><testcase classname="backend.tests.backend_test.TestChallenges" name="test_get_public_no_auth_hides_correct_index" time="0.110" /><testcase classname="backend.tests.backend_test.TestChallenges" name="test_get_unknown_token_404" time="0.101" /><testcase classname="backend.tests.backend_test.TestChallenges" name="test_participate_public_no_auth" time="0.246" /><testcase classname="backend.tests.backend_test.TestChallenges" name="test_participate_wrong_answers_length_400" time="0.113" /><testcase classname="backend.tests.backend_test.TestChallenges" name="test_participate_unknown_token_404" time="0.103" /><testcase classname="backend.tests.backend_test.TestChallenges" name="test_participate_perfect_score" time="0.356" /><testcase classname="backend.tests.backend_test.TestChallenges" name="test_list_mine_requires_auth" time="0.104" /><testcase classname="backend.tests.backend_test.TestChallenges" name="test_list_mine_returns_creator_challenges" time="0.054" /></testsuite></testsuites>