<?xml version="1.0" encoding="utf-8"?><testsuites name="pytest tests"><testsuite name="pytest" errors="0" failures="0" skipped="0" tests="9" time="3.983" timestamp="2026-08-07T08:13:17.151788+00:00" hostname="agent-env-cedc8e81-393a-41de-9728-58d47b6f40fb"><testcase classname="backend.tests.test_pricing_sprintb" name="test_packages_list" time="0.171" /><testcase classname="backend.tests.test_pricing_sprintb" name="test_checkout_session_each_package[club_monthly]" time="1.090" /><testcase classname="backend.tests.test_pricing_sprintb" name="test_checkout_session_each_package[club_yearly]" time="0.468" /><testcase classname="backend.tests.test_pricing_sprintb" name="test_checkout_session_each_package[famille_monthly]" time="0.456" /><testcase classname="backend.tests.test_pricing_sprintb" name="test_checkout_session_each_package[famille_yearly]" time="0.459" /><testcase classname="backend.tests.test_pricing_sprintb" name="test_checkout_session_each_package[premium_monthly]" time="0.522" /><testcase classname="backend.tests.test_pricing_sprintb" name="test_checkout_session_each_package[premium_yearly]" time="0.553" /><testcase classname="backend.tests.test_pricing_sprintb" name="test_checkout_session_rejects_unknown_package" time="0.109" /><testcase classname="backend.tests.test_pricing_sprintb" name="test_checkout_session_requires_auth" time="0.088" /></testsuite></testsuites>