<?xml version="1.0" encoding="utf-8"?><testsuites name="pytest tests"><testsuite name="pytest" errors="0" failures="0" skipped="0" tests="8" time="10.634" timestamp="2026-06-25T14:10:57.791622+00:00" hostname="agent-env-cedc8e81-393a-41de-9728-58d47b6f40fb"><testcase classname="backend.tests.test_iteration18_mistral.TestBackendHealth" name="test_api_root_returns_200" time="9.061" /><testcase classname="backend.tests.test_iteration18_mistral.TestAdminAuth" name="test_admin_login_returns_jwt" time="0.438" /><testcase classname="backend.tests.test_iteration18_mistral.TestAdminAuth" name="test_admin_me" time="0.135" /><testcase classname="backend.tests.test_iteration18_mistral.TestMistralRegenerate" name="test_requires_auth" time="0.174" /><testcase classname="backend.tests.test_iteration18_mistral.TestMistralRegenerate" name="test_rejects_non_admin" time="0.396" /><testcase classname="backend.tests.test_iteration18_mistral.TestMistralRegenerate" name="test_admin_can_trigger_regenerate" time="0.126" /><testcase classname="backend.tests.test_iteration18_mistral.TestRegressionCriticalRoutes" name="test_categories" time="0.119" /><testcase classname="backend.tests.test_iteration18_mistral.TestRegressionCriticalRoutes" name="test_daily_quiz" time="0.103" /></testsuite></testsuites>