<?xml version="1.0" encoding="utf-8"?><testsuites name="pytest tests"><testsuite name="pytest" errors="0" failures="0" skipped="0" tests="12" time="4.224" timestamp="2026-06-10T10:26:42.468069+00:00" hostname="agent-env-cedc8e81-393a-41de-9728-58d47b6f40fb"><testcase classname="backend.tests.test_iteration11_expansion.TestCategories" name="test_eight_categories_with_count_100" time="0.127" /><testcase classname="backend.tests.test_iteration11_expansion.TestQuizPlay" name="test_free_user_gets_5_valid_questions" time="0.410" /><testcase classname="backend.tests.test_iteration11_expansion.TestQuizPlay" name="test_premium_admin_gets_30_valid_unique_questions" time="0.369" /><testcase classname="backend.tests.test_iteration11_expansion.TestQuizPlay" name="test_sample_randomness_across_calls" time="0.091" /><testcase classname="backend.tests.test_iteration11_expansion.TestQuizPlay" name="test_all_8_categories_serve_questions_to_premium" time="0.392" /><testcase classname="backend.tests.test_iteration11_expansion.TestQuizPlay" name="test_unknown_category_returns_404" time="0.044" /><testcase classname="backend.tests.test_iteration11_expansion.TestAuth" name="test_register_login_me" time="0.768" /><testcase classname="backend.tests.test_iteration11_expansion.TestChallenges" name="test_create_read_participate" time="0.253" /><testcase classname="backend.tests.test_iteration11_expansion.TestPromo" name="test_admin_promo_list_contains_seeded_codes" time="0.046" /><testcase classname="backend.tests.test_iteration11_expansion.TestPromo" name="test_redeem_promo_upgrades_user_to_premium" time="0.421" /><testcase classname="backend.tests.test_iteration11_expansion.TestForgotPassword" name="test_returns_200_with_email_sent_key" time="0.683" /><testcase classname="backend.tests.test_iteration11_expansion.TestForgotPassword" name="test_rate_limit_after_3_calls" time="0.524" /></testsuite></testsuites>