<?xml version="1.0" encoding="utf-8"?><testsuites name="pytest tests"><testsuite name="pytest" errors="0" failures="0" skipped="0" tests="12" time="4.608" timestamp="2026-07-01T12:14:09.558968+00:00" hostname="agent-env-cedc8e81-393a-41de-9728-58d47b6f40fb"><testcase classname="backend.tests.test_iteration24_coop_combo.TestComboMultiplier" name="test_combo_tier_1x_for_first_two_correct" time="1.253" /><testcase classname="backend.tests.test_iteration24_coop_combo.TestComboMultiplier" name="test_combo_tier_1_5x_at_3_correct" time="0.246" /><testcase classname="backend.tests.test_iteration24_coop_combo.TestComboMultiplier" name="test_combo_tier_2x_at_5_correct" time="0.449" /><testcase classname="backend.tests.test_iteration24_coop_combo.TestComboMultiplier" name="test_combo_tier_3x_at_7_correct" time="0.384" /><testcase classname="backend.tests.test_iteration24_coop_combo.TestComboBreak" name="test_wrong_answer_resets_combo" time="0.254" /><testcase classname="backend.tests.test_iteration24_coop_combo.TestComboBreak" name="test_help_used_correct_resets_combo" time="0.235" /><testcase classname="backend.tests.test_iteration24_coop_combo.TestComboBreak" name="test_combo_broken_false_when_prev_below_3" time="0.163" /><testcase classname="backend.tests.test_iteration24_coop_combo.TestStatsPersistence" name="test_best_combo_persists_after_break" time="0.341" /><testcase classname="backend.tests.test_iteration24_coop_combo.TestStatsPersistence" name="test_solo_correct_count_only_when_solo" time="0.237" /><testcase classname="backend.tests.test_iteration24_coop_combo.TestStatsPersistence" name="test_total_xp_cumulates_with_multiplier" time="0.393" /><testcase classname="backend.tests.test_iteration24_coop_combo.TestFullFlowRegression" name="test_full_4q_challenge_completes" time="0.306" /><testcase classname="backend.tests.test_iteration24_coop_combo.TestFullFlowRegression" name="test_completed_challenge_rejects_more_answers" time="0.283" /></testsuite></testsuites>