<?xml version="1.0" encoding="utf-8"?><testsuites name="pytest tests"><testsuite name="pytest" errors="0" failures="0" skipped="0" tests="14" time="6.860" timestamp="2026-06-25T16:33:03.740701+00:00" hostname="agent-env-cedc8e81-393a-41de-9728-58d47b6f40fb"><testcase classname="tests.test_iteration19_p2.TestPublicStats" name="test_public_stats_no_auth_required" time="0.120" /><testcase classname="tests.test_iteration19_p2.TestMistralPing" name="test_ping_requires_auth" time="0.102" /><testcase classname="tests.test_iteration19_p2.TestMistralPing" name="test_ping_rejects_non_admin" time="0.371" /><testcase classname="tests.test_iteration19_p2.TestMistralPing" name="test_ping_admin_returns_full_payload" time="0.805" /><testcase classname="tests.test_iteration19_p2.TestMistralRegenerateReachable" name="test_regenerate_admin_returns_200" time="0.372" /><testcase classname="tests.test_iteration19_p2.TestMistralRegenerateReachable" name="test_ping_still_works_after_regenerate_trigger" time="0.938" /><testcase classname="tests.test_iteration19_p2.TestReferral" name="test_new_user_gets_referral_code" time="0.364" /><testcase classname="tests.test_iteration19_p2.TestReferral" name="test_validate_code_valid_and_invalid" time="0.501" /><testcase classname="tests.test_iteration19_p2.TestReferral" name="test_full_referral_flow_grants_bonus_once" time="1.249" /><testcase classname="tests.test_iteration19_p2.TestReferral" name="test_referral_my_endpoint" time="0.375" /><testcase classname="tests.test_iteration19_p2.TestReferral" name="test_referral_my_requires_auth" time="0.130" /><testcase classname="tests.test_iteration19_p2.TestAdReward" name="test_earn_ad_first_call_grants_credit" time="0.456" /><testcase classname="tests.test_iteration19_p2.TestAdReward" name="test_earn_ad_daily_cap_429" time="0.700" /><testcase classname="tests.test_iteration19_p2.TestExpirationEmail" name="test_send_expiration_emails_callable" time="0.316" /></testsuite></testsuites>