<?xml version="1.0" encoding="utf-8"?><testsuites name="pytest tests"><testsuite name="pytest" errors="0" failures="0" skipped="0" tests="17" time="5.677" timestamp="2026-06-15T15:49:48.127994+00:00" hostname="agent-env-cedc8e81-393a-41de-9728-58d47b6f40fb"><testcase classname="backend.tests.test_iteration15_gamification.TestRegisterWelcomeBonus" name="test_register_gives_5_credits" time="0.713" /><testcase classname="backend.tests.test_iteration15_gamification.TestAdminBackfill" name="test_admin_credits_ge_5" time="0.349" /><testcase classname="backend.tests.test_iteration15_gamification.TestCreditsBalance" name="test_balance_shape" time="0.362" /><testcase classname="backend.tests.test_iteration15_gamification.TestCreditsSpend" name="test_spend_hint_5050_ok" time="0.417" /><testcase classname="backend.tests.test_iteration15_gamification.TestCreditsSpend" name="test_spend_bad_amount" time="0.410" /><testcase classname="backend.tests.test_iteration15_gamification.TestCreditsSpend" name="test_spend_invalid_reason" time="0.377" /><testcase classname="backend.tests.test_iteration15_gamification.TestCreditsSpend" name="test_spend_insufficient" time="0.359" /><testcase classname="backend.tests.test_iteration15_gamification.TestEarnAd" name="test_earn_ad_5_then_429" time="0.674" /><testcase classname="backend.tests.test_iteration15_gamification.TestStreakSaver" name="test_no_streak_returns_400" time="0.401" /><testcase classname="backend.tests.test_iteration15_gamification.TestChallengeSubmit" name="test_challenge_xp_and_credit" time="0.399" /><testcase classname="backend.tests.test_iteration15_gamification.TestLeaguesCurrent" name="test_league_default_bronze" time="0.380" /><testcase classname="backend.tests.test_iteration15_gamification.TestSocialAuth" name="test_apple_not_configured" time="0.102" /><testcase classname="backend.tests.test_iteration15_gamification.TestSocialAuth" name="test_google_not_configured" time="0.096" /><testcase classname="backend.tests.test_iteration15_gamification.TestSocialAuth" name="test_apple_id_token_too_short" time="0.110" /><testcase classname="backend.tests.test_iteration15_gamification.TestLegalPages" name="test_legal_page_200[/cgu]" time="0.141" /><testcase classname="backend.tests.test_iteration15_gamification.TestLegalPages" name="test_legal_page_200[/cgv]" time="0.136" /><testcase classname="backend.tests.test_iteration15_gamification.TestLegalPages" name="test_legal_page_200[/confidentialite]" time="0.093" /></testsuite></testsuites>