<?xml version="1.0" encoding="utf-8"?><testsuites name="pytest tests"><testsuite name="pytest" errors="0" failures="0" skipped="0" tests="13" time="1.997" timestamp="2026-06-10T12:28:56.369885+00:00" hostname="agent-env-cedc8e81-393a-41de-9728-58d47b6f40fb"><testcase classname="backend.tests.test_daily_quiz.TestDailyQuizPublic" name="test_anon_get_quiz_shape" time="0.142" /><testcase classname="backend.tests.test_daily_quiz.TestDailyQuizPublic" name="test_deterministic_same_questions" time="0.110" /><testcase classname="backend.tests.test_daily_quiz.TestDailySubmitAuth" name="test_submit_without_auth_401" time="0.054" /><testcase classname="backend.tests.test_daily_quiz.TestDailyAdminFlow" name="test_admin_get_quiz_authenticated" time="0.395" /><testcase classname="backend.tests.test_daily_quiz.TestDailyAdminFlow" name="test_admin_submit_score_4" time="0.049" /><testcase classname="backend.tests.test_daily_quiz.TestDailyAdminFlow" name="test_admin_submit_again_409" time="0.049" /><testcase classname="backend.tests.test_daily_quiz.TestDailyAdminFlow" name="test_admin_has_played_now_true" time="0.053" /><testcase classname="backend.tests.test_daily_quiz.TestDailySubmitValidation" name="test_invalid_score_422[99]" time="0.048" /><testcase classname="backend.tests.test_daily_quiz.TestDailySubmitValidation" name="test_invalid_score_422[-1]" time="0.046" /><testcase classname="backend.tests.test_daily_quiz.TestDailySubmitValidation" name="test_invalid_score_422[10]" time="0.049" /><testcase classname="backend.tests.test_daily_quiz.TestDailyLeaderboard" name="test_leaderboard_anon" time="0.134" /><testcase classname="backend.tests.test_daily_quiz.TestDailyLeaderboard" name="test_leaderboard_admin_after_submit" time="0.051" /><testcase classname="backend.tests.test_daily_quiz.TestDailyLeaderboard" name="test_new_user_with_higher_score_takes_rank_1" time="0.722" /></testsuite></testsuites>