<?xml version="1.0" encoding="utf-8"?><testsuites name="pytest tests"><testsuite name="pytest" errors="0" failures="0" skipped="0" tests="19" time="30.935" timestamp="2026-08-07T09:58:19.364874+00:00" hostname="agent-env-cedc8e81-393a-41de-9728-58d47b6f40fb"><testcase classname="backend.tests.test_sprint_e_analytics.TestAuthorization" name="test_unauthenticated_rejected[/admin/analytics/overview]" time="19.581" /><testcase classname="backend.tests.test_sprint_e_analytics.TestAuthorization" name="test_unauthenticated_rejected[/admin/analytics/signups]" time="5.247" /><testcase classname="backend.tests.test_sprint_e_analytics.TestAuthorization" name="test_unauthenticated_rejected[/admin/analytics/revenue]" time="0.114" /><testcase classname="backend.tests.test_sprint_e_analytics.TestAuthorization" name="test_unauthenticated_rejected[/admin/analytics/categories]" time="1.125" /><testcase classname="backend.tests.test_sprint_e_analytics.TestAuthorization" name="test_unauthenticated_rejected[/admin/analytics/atelier]" time="0.095" /><testcase classname="backend.tests.test_sprint_e_analytics.TestAuthorization" name="test_non_admin_forbidden[/admin/analytics/overview]" time="0.390" /><testcase classname="backend.tests.test_sprint_e_analytics.TestAuthorization" name="test_non_admin_forbidden[/admin/analytics/signups]" time="0.081" /><testcase classname="backend.tests.test_sprint_e_analytics.TestAuthorization" name="test_non_admin_forbidden[/admin/analytics/revenue]" time="0.042" /><testcase classname="backend.tests.test_sprint_e_analytics.TestAuthorization" name="test_non_admin_forbidden[/admin/analytics/categories]" time="0.040" /><testcase classname="backend.tests.test_sprint_e_analytics.TestAuthorization" name="test_non_admin_forbidden[/admin/analytics/atelier]" time="0.080" /><testcase classname="backend.tests.test_sprint_e_analytics.TestOverview" name="test_overview_shape" time="3.459" /><testcase classname="backend.tests.test_sprint_e_analytics.TestSignups" name="test_default_30" time="0.081" /><testcase classname="backend.tests.test_sprint_e_analytics.TestSignups" name="test_days_clamp_high" time="0.040" /><testcase classname="backend.tests.test_sprint_e_analytics.TestSignups" name="test_days_clamp_low" time="0.039" /><testcase classname="backend.tests.test_sprint_e_analytics.TestRevenue" name="test_default_30" time="0.045" /><testcase classname="backend.tests.test_sprint_e_analytics.TestCategories" name="test_list" time="0.081" /><testcase classname="backend.tests.test_sprint_e_analytics.TestAtelier" name="test_shape" time="0.041" /><testcase classname="backend.tests.test_sprint_e_analytics.TestNoRegression" name="test_categories_public" time="0.164" /><testcase classname="backend.tests.test_sprint_e_analytics.TestNoRegression" name="test_packages" time="0.099" /></testsuite></testsuites>