<?xml version="1.0" encoding="utf-8"?><testsuites name="pytest tests"><testsuite name="pytest" errors="0" failures="0" skipped="0" tests="13" time="8.480" timestamp="2026-08-08T13:08:35.615501+00:00" hostname="agent-env-cedc8e81-393a-41de-9728-58d47b6f40fb"><testcase classname="backend.tests.test_iteration35.TestGridThemes" name="test_theme_families_present" time="0.435" /><testcase classname="backend.tests.test_iteration35.TestCharadesAdmin" name="test_non_admin_forbidden" time="0.397" /><testcase classname="backend.tests.test_iteration35.TestCharadesAdmin" name="test_admin_generate_once" time="3.531" /><testcase classname="backend.tests.test_iteration35.TestCharadesAdmin" name="test_admin_generate_twice" time="3.072" /><testcase classname="backend.tests.test_iteration35.TestCharadesPacks" name="test_packs_include_static_and_mistral" time="0.040" /><testcase classname="backend.tests.test_iteration35.TestCharadesPacks" name="test_mistral_charade_attempt" time="0.288" /><testcase classname="backend.tests.test_iteration35.TestMotsFleches" name="test_list_5_grids" time="0.043" /><testcase classname="backend.tests.test_iteration35.TestMotsFleches" name="test_get_grid_no_answer_leak" time="0.040" /><testcase classname="backend.tests.test_iteration35.TestMotsFleches" name="test_submit_correct" time="0.043" /><testcase classname="backend.tests.test_iteration35.TestMotsFleches" name="test_submit_idempotent" time="0.041" /><testcase classname="backend.tests.test_iteration35.TestMotsFleches" name="test_submit_partial" time="0.404" /><testcase classname="backend.tests.test_iteration35.TestMotsFleches" name="test_submit_bad_dimensions" time="0.043" /><testcase classname="backend.tests.test_iteration35.TestMotsFleches" name="test_grid_not_found" time="0.041" /></testsuite></testsuites>