<?xml version="1.0" encoding="utf-8"?><testsuites name="pytest tests"><testsuite name="pytest" errors="0" failures="0" skipped="0" tests="14" time="4.188" timestamp="2026-06-26T18:46:09.608169+00:00" hostname="agent-env-cedc8e81-393a-41de-9728-58d47b6f40fb"><testcase classname="backend.tests.test_iteration20_coop.TestBirthYear" name="test_register_senior" time="0.577" /><testcase classname="backend.tests.test_iteration20_coop.TestBirthYear" name="test_register_jeune" time="0.391" /><testcase classname="backend.tests.test_iteration20_coop.TestBirthYear" name="test_register_libre" time="0.375" /><testcase classname="backend.tests.test_iteration20_coop.TestBirthYear" name="test_register_no_birth_year" time="0.388" /><testcase classname="backend.tests.test_iteration20_coop.TestBirthYear" name="test_patch_profile_birth_year" time="0.486" /><testcase classname="backend.tests.test_iteration20_coop.TestCoopCreate" name="test_create_ok" time="0.464" /><testcase classname="backend.tests.test_iteration20_coop.TestCoopCreate" name="test_same_role_returns_400" time="0.045" /><testcase classname="backend.tests.test_iteration20_coop.TestCoopCreate" name="test_unknown_category_404" time="0.050" /><testcase classname="backend.tests.test_iteration20_coop.TestCoopCreate" name="test_unauth_create_returns_401" time="0.100" /><testcase classname="backend.tests.test_iteration20_coop.TestCoopGet" name="test_get_owner_ok_and_no_leakage" time="0.131" /><testcase classname="backend.tests.test_iteration20_coop.TestCoopGet" name="test_get_non_owner_returns_403" time="0.373" /><testcase classname="backend.tests.test_iteration20_coop.TestCoopGet" name="test_get_unknown_token_404" time="0.045" /><testcase classname="backend.tests.test_iteration20_coop.TestCoopAnswerFlow" name="test_full_flow_scoring_and_completion" time="0.411" /><testcase classname="backend.tests.test_iteration20_coop.TestCoopList" name="test_mine_list_sorted_and_no_answers" time="0.288" /></testsuite></testsuites>