<?xml version="1.0" encoding="utf-8"?><testsuites name="pytest tests"><testsuite name="pytest" errors="0" failures="1" skipped="0" tests="21" time="2.680" timestamp="2026-08-07T08:45:08.586444+00:00" hostname="agent-env-cedc8e81-393a-41de-9728-58d47b6f40fb"><testcase classname="backend.tests.test_sprint3_atelier_affection.TestAtelier" name="test_themes_public" time="0.190" /><testcase classname="backend.tests.test_sprint3_atelier_affection.TestAtelier" name="test_theme_detail_requires_auth" time="0.127" /><testcase classname="backend.tests.test_sprint3_atelier_affection.TestAtelier" name="test_theme_detail_authed" time="0.388" /><testcase classname="backend.tests.test_sprint3_atelier_affection.TestAtelier" name="test_submit_and_badge_first_time" time="0.480" /><testcase classname="backend.tests.test_sprint3_atelier_affection.TestAtelier" name="test_submit_rejects_bad_theme" time="0.049" /><testcase classname="backend.tests.test_sprint3_atelier_affection.TestAtelier" name="test_submit_rejects_bad_prompt" time="0.051" /><testcase classname="backend.tests.test_sprint3_atelier_affection.TestAtelier" name="test_entries_grouped_recent_first" time="0.045" /><testcase classname="backend.tests.test_sprint3_atelier_affection.TestProgression" name="test_affection_field_present" time="0.055" /><testcase classname="backend.tests.test_sprint3_atelier_affection.TestProgression" name="test_affection_thresholds_logic" time="0.052" /><testcase classname="backend.tests.test_sprint3_atelier_affection.TestMascotSkins" name="test_skin_files_served[1-chansons]" time="0.127" /><testcase classname="backend.tests.test_sprint3_atelier_affection.TestMascotSkins" name="test_skin_files_served[1-cinema]" time="0.095" /><testcase classname="backend.tests.test_sprint3_atelier_affection.TestMascotSkins" name="test_skin_files_served[1-cuisine-terroir]" time="0.091" /><testcase classname="backend.tests.test_sprint3_atelier_affection.TestMascotSkins" name="test_skin_files_served[2-chansons]" time="0.102" /><testcase classname="backend.tests.test_sprint3_atelier_affection.TestMascotSkins" name="test_skin_files_served[2-cinema]" time="0.092" /><testcase classname="backend.tests.test_sprint3_atelier_affection.TestMascotSkins" name="test_skin_files_served[2-cuisine-terroir]" time="0.098" /><testcase classname="backend.tests.test_sprint3_atelier_affection.TestMascotSkins" name="test_skin_files_served[3-chansons]" time="0.096" /><testcase classname="backend.tests.test_sprint3_atelier_affection.TestMascotSkins" name="test_skin_files_served[3-cinema]" time="0.094" /><testcase classname="backend.tests.test_sprint3_atelier_affection.TestMascotSkins" name="test_skin_files_served[3-cuisine-terroir]" time="0.125" /><testcase classname="backend.tests.test_sprint3_atelier_affection.TestRegression" name="test_progression_still_has_level" time="0.053" /><testcase classname="backend.tests.test_sprint3_atelier_affection.TestRegression" name="test_daily_endpoint_still_works" time="0.056"><failure message="assert 404 in (200, 401, 403)&#10; +  where 404 = &lt;Response [404]&gt;.status_code">backend/tests/test_sprint3_atelier_affection.py:169: in test_daily_endpoint_still_works
    assert r.status_code in (200, 401, 403)  # just not 500
    ^^^^^^^^^^^^^^^^^^^^^^^^^^^^^^^^^^^^^^^
E   assert 404 in (200, 401, 403)
E    +  where 404 = &lt;Response [404]&gt;.status_code</failure></testcase><testcase classname="backend.tests.test_sprint3_atelier_affection.TestRegression" name="test_pricing_still_works" time="0.095" /></testsuite></testsuites>